{"C:\\Users\\ASUS\\React-Testing\\app\\src\\components\\hello\\hello.tsx": {"path":"C:\\Users\\ASUS\\React-Testing\\app\\src\\components\\hello\\hello.tsx","statementMap":{"0":{"start":{"line":5,"column":2},"end":{"line":5,"column":71}},"1":{"start":{"line":5,"column":27},"end":{"line":5,"column":71}}},"fnMap":{"0":{"name":"(anonymous_0)","decl":{"start":{"line":5,"column":2},"end":{"line":5,"column":3}},"loc":{"start":{"line":5,"column":27},"end":{"line":5,"column":71}},"line":5}},"branchMap":{"0":{"loc":{"start":{"line":5,"column":39},"end":{"line":5,"column":60}},"type":"cond-expr","locations":[{"start":{"line":5,"column":46},"end":{"line":5,"column":50}},{"start":{"line":5,"column":53},"end":{"line":5,"column":60}}],"line":5}},"s":{"0":1,"1":1},"f":{"0":1},"b":{"0":[0,1]},"_coverageSchema":"1a1c01bbd47fc00a2c39e90264f33305004495a9","hash":"1d301e9dec1cbdda4372abcfbcd98b1507b01b42"}
}
